[debug] [2025-08-13T19:52:26.718Z] ----------------------------------------------------------------------
[debug] [2025-08-13T19:52:26.722Z] Command:       /nix/store/ws50yvm6vzlzf7jzz6n7xh4szddrack1-nodejs-20.19.1/bin/node /nix/store/4ba3nh7p56fsnidgr9jcqnpv4k7nwwrv-firebase-tools-14.12.0/lib/node_modules/firebase-tools/lib/bin/firebase.js init hosting
[debug] [2025-08-13T19:52:26.723Z] CLI Version:   14.12.0
[debug] [2025-08-13T19:52:26.724Z] Platform:      linux
[debug] [2025-08-13T19:52:26.724Z] Node Version:  v20.19.1
[debug] [2025-08-13T19:52:26.724Z] Time:          Wed Aug 13 2025 19:52:26 GMT+0000 (Coordinated Universal Time)
[debug] [2025-08-13T19:52:26.724Z] ----------------------------------------------------------------------
[debug] 
[debug] [2025-08-13T19:52:27.274Z] No OAuth tokens found
[debug] [2025-08-13T19:52:27.275Z] No OAuth tokens found
[error] Failed to fetch Firebase Project from current Studio Workspace: Unable to refresh auth: not yet authenticated.
[debug] [2025-08-13T19:52:27.280Z] > command requires scopes: ["email","openid","https://www.googleapis.com/auth/cloudplatformprojects.readonly","https://www.googleapis.com/auth/firebase","https://www.googleapis.com/auth/cloud-platform","https://www.googleapis.com/auth/userinfo.email"]
[debug] [2025-08-13T19:52:27.352Z] Running auto auth
[info] 
     ######## #### ########  ######## ########     ###     ######  ########
     ##        ##  ##     ## ##       ##     ##  ##   ##  ##       ##
     ######    ##  ########  ######   ########  #########  ######  ######
     ##        ##  ##    ##  ##       ##     ## ##     ##       ## ##
     ##       #### ##     ## ######## ########  ##     ##  ######  ########

You're about to initialize a Firebase project in this directory:

  /home/user/studio

Before we get started, keep in mind:

  * You are initializing within an existing Firebase project directory

[info] 
=== Project Setup
[info] 
[info] First, let's associate this project directory with a Firebase project.
[info] You can create multiple project aliases by running firebase use --add, 
[info] but for now we'll just set up a default project.
[info] 
[debug] [2025-08-13T19:52:27.383Z] Using project from CLI flag: virtusapp
[debug] [2025-08-13T19:52:27.384Z] No OAuth tokens found
[debug] [2025-08-13T19:52:27.392Z] >>> [apiv2][query] GET https://firebase.googleapis.com/v1beta1/projects/virtusapp [none]
[debug] [2025-08-13T19:52:27.734Z] <<< [apiv2][status] GET https://firebase.googleapis.com/v1beta1/projects/virtusapp 403
[debug] [2025-08-13T19:52:27.737Z] <<< [apiv2][body] GET https://firebase.googleapis.com/v1beta1/projects/virtusapp {"error":{"code":403,"message":"The caller does not have permission","status":"PERMISSION_DENIED"}}
[debug] [2025-08-13T19:52:27.738Z] Request to https://firebase.googleapis.com/v1beta1/projects/virtusapp had HTTP Error: 403, The caller does not have permission
[debug] [2025-08-13T19:52:27.812Z] FirebaseError: Request to https://firebase.googleapis.com/v1beta1/projects/virtusapp had HTTP Error: 403, The caller does not have permission
    at responseToError (/nix/store/4ba3nh7p56fsnidgr9jcqnpv4k7nwwrv-firebase-tools-14.12.0/lib/node_modules/firebase-tools/lib/responseToError.js:52:12)
    at RetryOperation._fn (/nix/store/4ba3nh7p56fsnidgr9jcqnpv4k7nwwrv-firebase-tools-14.12.0/lib/node_modules/firebase-tools/lib/apiv2.js:312:77)
    at process.processTicksAndRejections (node:internal/process/task_queues:95:5)
[error] 
[error] Error: Failed to get Firebase project virtusapp. Please make sure the project exists and your account has permission to access it.
[debug] [2025-08-13T19:52:57.121Z] ----------------------------------------------------------------------
[debug] [2025-08-13T19:52:57.124Z] Command:       /nix/store/ws50yvm6vzlzf7jzz6n7xh4szddrack1-nodejs-20.19.1/bin/node /nix/store/4ba3nh7p56fsnidgr9jcqnpv4k7nwwrv-firebase-tools-14.12.0/lib/node_modules/firebase-tools/lib/bin/firebase.js deploy --only hosting
[debug] [2025-08-13T19:52:57.124Z] CLI Version:   14.12.0
[debug] [2025-08-13T19:52:57.124Z] Platform:      linux
[debug] [2025-08-13T19:52:57.124Z] Node Version:  v20.19.1
[debug] [2025-08-13T19:52:57.125Z] Time:          Wed Aug 13 2025 19:52:57 GMT+0000 (Coordinated Universal Time)
[debug] [2025-08-13T19:52:57.125Z] ----------------------------------------------------------------------
[debug] 
[debug] [2025-08-13T19:52:57.577Z] No OAuth tokens found
[debug] [2025-08-13T19:52:57.577Z] No OAuth tokens found
[error] Failed to fetch Firebase Project from current Studio Workspace: Unable to refresh auth: not yet authenticated.
[debug] [2025-08-13T19:52:57.583Z] > command requires scopes: ["email","openid","https://www.googleapis.com/auth/cloudplatformprojects.readonly","https://www.googleapis.com/auth/firebase","https://www.googleapis.com/auth/cloud-platform","https://www.googleapis.com/auth/userinfo.email"]
[debug] [2025-08-13T19:52:57.583Z] > authorizing via signed-in user (soypromord@gmail.com)
[debug] [2025-08-13T19:52:57.584Z] [iam] checking project virtusapp for permissions ["firebase.projects.get","firebasehosting.sites.update"]
[debug] [2025-08-13T19:52:57.584Z] No OAuth tokens found
[debug] [2025-08-13T19:52:57.584Z] No OAuth tokens found
[debug] [2025-08-13T19:52:57.584Z] > command requires scopes: ["email","openid","https://www.googleapis.com/auth/cloudplatformprojects.readonly","https://www.googleapis.com/auth/firebase","https://www.googleapis.com/auth/cloud-platform","https://www.googleapis.com/auth/userinfo.email"]
[debug] [2025-08-13T19:52:57.585Z] > authorizing via signed-in user (soypromord@gmail.com)
[debug] [2025-08-13T19:52:57.586Z] >>> [apiv2][query] POST https://cloudresourcemanager.googleapis.com/v1/projects/virtusapp:testIamPermissions [none]
[debug] [2025-08-13T19:52:57.586Z] >>> [apiv2][(partial)header] POST https://cloudresourcemanager.googleapis.com/v1/projects/virtusapp:testIamPermissions x-goog-quota-user=projects/virtusapp
[debug] [2025-08-13T19:52:57.586Z] >>> [apiv2][body] POST https://cloudresourcemanager.googleapis.com/v1/projects/virtusapp:testIamPermissions {"permissions":["firebase.projects.get","firebasehosting.sites.update"]}
[debug] [2025-08-13T19:52:57.852Z] <<< [apiv2][status] POST https://cloudresourcemanager.googleapis.com/v1/projects/virtusapp:testIamPermissions 200
[debug] [2025-08-13T19:52:57.853Z] <<< [apiv2][body] POST https://cloudresourcemanager.googleapis.com/v1/projects/virtusapp:testIamPermissions {}
[debug] [2025-08-13T19:52:57.853Z] [iam] error while checking permissions, command may fail: Authorization failed. This account is missing the following required permissions on project virtusapp:

  firebase.projects.get
  firebasehosting.sites.update
[debug] [2025-08-13T19:52:57.855Z] No OAuth tokens found
[debug] [2025-08-13T19:52:57.856Z] No OAuth tokens found
[debug] [2025-08-13T19:52:57.856Z] > command requires scopes: ["email","openid","https://www.googleapis.com/auth/cloudplatformprojects.readonly","https://www.googleapis.com/auth/firebase","https://www.googleapis.com/auth/cloud-platform","https://www.googleapis.com/auth/userinfo.email"]
[debug] [2025-08-13T19:52:57.856Z] > authorizing via signed-in user (soypromord@gmail.com)
[debug] [2025-08-13T19:52:57.856Z] >>> [apiv2][query] GET https://firebase.googleapis.com/v1beta1/projects/virtusapp [none]
[debug] [2025-08-13T19:52:58.134Z] <<< [apiv2][status] GET https://firebase.googleapis.com/v1beta1/projects/virtusapp 403
[debug] [2025-08-13T19:52:58.135Z] <<< [apiv2][body] GET https://firebase.googleapis.com/v1beta1/projects/virtusapp {"error":{"code":403,"message":"The caller does not have permission","status":"PERMISSION_DENIED"}}
[debug] [2025-08-13T19:52:58.136Z] Request to https://firebase.googleapis.com/v1beta1/projects/virtusapp had HTTP Error: 403, The caller does not have permission
[debug] [2025-08-13T19:52:58.208Z] FirebaseError: Request to https://firebase.googleapis.com/v1beta1/projects/virtusapp had HTTP Error: 403, The caller does not have permission
    at responseToError (/nix/store/4ba3nh7p56fsnidgr9jcqnpv4k7nwwrv-firebase-tools-14.12.0/lib/node_modules/firebase-tools/lib/responseToError.js:52:12)
    at RetryOperation._fn (/nix/store/4ba3nh7p56fsnidgr9jcqnpv4k7nwwrv-firebase-tools-14.12.0/lib/node_modules/firebase-tools/lib/apiv2.js:312:77)
    at process.processTicksAndRejections (node:internal/process/task_queues:95:5)
[error] 
[error] Error: Failed to get Firebase project virtusapp. Please make sure the project exists and your account has permission to access it.
